{
  "stats": {
    "suites": 0,
    "tests": 1,
    "passes": 1,
    "pending": 0,
    "failures": 0,
    "start": "2024-07-10T20:18:39.782Z",
    "end": "2024-07-10T20:18:41.319Z",
    "duration": 1537,
    "testsRegistered": 1,
    "passPercent": 100,
    "pendingPercent": 0,
    "other": 0,
    "hasOther": false,
    "skipped": 0,
    "hasSkipped": false
  },
  "results": [
    {
      "uuid": "f0425921-6c0b-462c-8bed-dff1607224b9",
      "title": "",
      "fullFile": "cypress\\e2e\\test-using-assertions.cy.js",
      "file": "cypress\\e2e\\test-using-assertions.cy.js",
      "beforeHooks": [],
      "afterHooks": [],
      "tests": [
        {
          "title": "learning assertions",
          "fullTitle": "learning assertions",
          "timedOut": null,
          "duration": 446,
          "state": "passed",
          "speed": "fast",
          "pass": true,
          "fail": false,
          "pending": false,
          "context": null,
          "code": "cy.visit(\"https://example.cypress.io/\");\ncy.contains(\"get\").click();\ncy.get('#query-btn', {\n  timeout: 6000\n})\n// Implicit Assertions\n.should(\"contain\", \"Button\").should(\"have.class\", \"query-btn\").should(\"be.visible\").should(\"be.enabled\");\ncy.get(\"#query-btn\").invoke(\"attr\", \"id\").should(\"equal\", \"query-btn\");\ncy.get(\"#query-btn\").should(\"contain\", \"Button\").and(\"have.class\", \"query-btn\");\n// Explicit Assertions\n// Expect\nexpect(true).to.be.true;\nlet name = \"Jason\";\nexpect(name).to.be.equal(\"Jason\");\n// Assert\nassert.equal(4, 4, \"Not equal\");\n//assert.strictEqual(4,\"4\", \"Not Strictly Equal\")",
          "err": {},
          "uuid": "e3617c37-37c1-424f-bf74-0b5bba70cf84",
          "parentUUID": "f0425921-6c0b-462c-8bed-dff1607224b9",
          "isHook": false,
          "skipped": false
        }
      ],
      "suites": [],
      "passes": [
        "e3617c37-37c1-424f-bf74-0b5bba70cf84"
      ],
      "failures": [],
      "pending": [],
      "skipped": [],
      "duration": 446,
      "root": true,
      "rootEmpty": false,
      "_timeout": 2000
    }
  ],
  "meta": {
    "mocha": {
      "version": "7.0.1"
    },
    "mochawesome": {
      "options": {
        "quiet": false,
        "reportFilename": "mochawesome",
        "saveHtml": false,
        "saveJson": true,
        "consoleReporter": "spec",
        "useInlineDiffs": false,
        "code": true
      },
      "version": "7.1.3"
    },
    "marge": {
      "options": {
        "charts": true,
        "overwrite": false,
        "html": false,
        "json": true,
        "reportDir": "cypress/reports"
      },
      "version": "6.2.0"
    }
  }
}