{
  "stats": {
    "suites": 0,
    "tests": 2,
    "passes": 0,
    "pending": 0,
    "failures": 2,
    "start": "2024-07-10T20:14:37.846Z",
    "end": "2024-07-10T20:14:49.649Z",
    "duration": 11803,
    "testsRegistered": 2,
    "passPercent": 0,
    "pendingPercent": 0,
    "other": 0,
    "hasOther": false,
    "skipped": 0,
    "hasSkipped": false
  },
  "results": [
    {
      "uuid": "910773ae-f26d-4e06-ba2c-91f6db0da601",
      "title": "",
      "fullFile": "cypress\\e2e\\GoogleSearch.cy.js",
      "file": "cypress\\e2e\\GoogleSearch.cy.js",
      "beforeHooks": [],
      "afterHooks": [],
      "tests": [
        {
          "title": "Google search 1st Test",
          "fullTitle": "Google search 1st Test",
          "timedOut": null,
          "duration": 5478,
          "state": "failed",
          "speed": null,
          "pass": false,
          "fail": true,
          "pending": false,
          "context": null,
          "code": "cy.log(\"Google 1st Test starts\");\ncy.visit(\"https://google.com\");\ncy.get(\".gLFyf\").type(\"Google 1st Test ends\");\ncy.log(\"Google 1st Test ends\");",
          "err": {
            "message": "CypressError: Timed out retrying after 4000ms: `cy.type()` failed because this element:\n\n`<textarea class=\"gLFyf\" aria-controls=\"Alh6id\" aria-owns=\"Alh6id\" autofocus=\"\" title=\"Search\" value=\"\" jsaction=\"paste:puy29d;\" aria-label=\"Search\" aria-autocomplete=\"both\" aria-expanded=\"false\" aria-haspopup=\"false\" autocapitalize=\"off\" autocomplete=\"off\" autocorrect=\"off\" id=\"APjFqb\" maxlength=\"2048\" name=\"q\" role=\"combobox\" rows=\"1\" spellcheck=\"false\" data-ved=\"0ahUKEwjtnvfepJ2HAxWnXUEAHS08BpwQ39UDCAQ\"></textarea>`\n\nis being covered by another element:\n\n`<li class=\"gowsYd GwwhGf\">Track o...</li>`\n\nFix this problem, or use {force: true} to disable error checking.\n\nhttps://on.cypress.io/element-cannot-be-interacted-with",
            "estack": "CypressError: Timed out retrying after 4000ms: `cy.type()` failed because this element:\n\n`<textarea class=\"gLFyf\" aria-controls=\"Alh6id\" aria-owns=\"Alh6id\" autofocus=\"\" title=\"Search\" value=\"\" jsaction=\"paste:puy29d;\" aria-label=\"Search\" aria-autocomplete=\"both\" aria-expanded=\"false\" aria-haspopup=\"false\" autocapitalize=\"off\" autocomplete=\"off\" autocorrect=\"off\" id=\"APjFqb\" maxlength=\"2048\" name=\"q\" role=\"combobox\" rows=\"1\" spellcheck=\"false\" data-ved=\"0ahUKEwjtnvfepJ2HAxWnXUEAHS08BpwQ39UDCAQ\"></textarea>`\n\nis being covered by another element:\n\n`<li class=\"gowsYd GwwhGf\">Track o...</li>`\n\nFix this problem, or use {force: true} to disable error checking.\n\nhttps://on.cypress.io/element-cannot-be-interacted-with\n    at ensureIsDescendent (https://www.google.com/__cypress/runner/cypress_runner.js:112445:68)\n    at ensureDescendents (https://www.google.com/__cypress/runner/cypress_runner.js:112496:5)\n    at ensureDescendentsAndScroll (https://www.google.com/__cypress/runner/cypress_runner.js:112502:14)\n    at ensureElIsNotCovered (https://www.google.com/__cypress/runner/cypress_runner.js:112633:5)\n    at runAllChecks (https://www.google.com/__cypress/runner/cypress_runner.js:112832:52)\n    at retryActionability (https://www.google.com/__cypress/runner/cypress_runner.js:112869:16)\n    at tryCatcher (https://www.google.com/__cypress/runner/cypress_runner.js:1807:23)\n    at Promise.attempt.Promise.try (https://www.google.com/__cypress/runner/cypress_runner.js:4315:29)\n    at whenStable (https://www.google.com/__cypress/runner/cypress_runner.js:143646:68)\n    at <unknown> (https://www.google.com/__cypress/runner/cypress_runner.js:143587:14)\n    at tryCatcher (https://www.google.com/__cypress/runner/cypress_runner.js:1807:23)\n    at Promise._settlePromiseFromHandler (https://www.google.com/__cypress/runner/cypress_runner.js:1519:31)\n    at Promise._settlePromise (https://www.google.com/__cypress/runner/cypress_runner.js:1576:18)\n    at Promise._settlePromise0 (https://www.google.com/__cypress/runner/cypress_runner.js:1621:10)\n    at Promise._settlePromises (https://www.google.com/__cypress/runner/cypress_runner.js:1701:18)\n    at Promise._fulfill (https://www.google.com/__cypress/runner/cypress_runner.js:1645:18)\n    at <unknown> (https://www.google.com/__cypress/runner/cypress_runner.js:5450:46)\nFrom Your Spec Code:\n    at Context.eval (webpack://cypress_project/./cypress/e2e/GoogleSearch.cy.js:6:21)",
            "diff": null
          },
          "uuid": "7883022e-26d1-42b1-a94a-3b5e643acc8a",
          "parentUUID": "910773ae-f26d-4e06-ba2c-91f6db0da601",
          "isHook": false,
          "skipped": false
        },
        {
          "title": "Google search 2st Test",
          "fullTitle": "Google search 2st Test",
          "timedOut": null,
          "duration": 4568,
          "state": "failed",
          "speed": null,
          "pass": false,
          "fail": true,
          "pending": false,
          "context": null,
          "code": "cy.log(\"Google 2st Test starts\");\ncy.visit(\"https://google.com\");\ncy.get(\".gLFyf\").type(\"Google 2st Test ends\");\ncy.log(\"Google 2st Test ends\");",
          "err": {
            "message": "CypressError: Timed out retrying after 4000ms: `cy.type()` failed because this element:\n\n`<textarea class=\"gLFyf\" aria-controls=\"Alh6id\" aria-owns=\"Alh6id\" autofocus=\"\" title=\"Search\" value=\"\" jsaction=\"paste:puy29d;\" aria-label=\"Search\" aria-autocomplete=\"both\" aria-expanded=\"false\" aria-haspopup=\"false\" autocapitalize=\"off\" autocomplete=\"off\" autocorrect=\"off\" id=\"APjFqb\" maxlength=\"2048\" name=\"q\" role=\"combobox\" rows=\"1\" spellcheck=\"false\" data-ved=\"0ahUKEwi02srhpJ2HAxX3U0EAHaygBXEQ39UDCAQ\"></textarea>`\n\nis being covered by another element:\n\n`<li class=\"gowsYd GwwhGf\">Track o...</li>`\n\nFix this problem, or use {force: true} to disable error checking.\n\nhttps://on.cypress.io/element-cannot-be-interacted-with",
            "estack": "CypressError: Timed out retrying after 4000ms: `cy.type()` failed because this element:\n\n`<textarea class=\"gLFyf\" aria-controls=\"Alh6id\" aria-owns=\"Alh6id\" autofocus=\"\" title=\"Search\" value=\"\" jsaction=\"paste:puy29d;\" aria-label=\"Search\" aria-autocomplete=\"both\" aria-expanded=\"false\" aria-haspopup=\"false\" autocapitalize=\"off\" autocomplete=\"off\" autocorrect=\"off\" id=\"APjFqb\" maxlength=\"2048\" name=\"q\" role=\"combobox\" rows=\"1\" spellcheck=\"false\" data-ved=\"0ahUKEwi02srhpJ2HAxX3U0EAHaygBXEQ39UDCAQ\"></textarea>`\n\nis being covered by another element:\n\n`<li class=\"gowsYd GwwhGf\">Track o...</li>`\n\nFix this problem, or use {force: true} to disable error checking.\n\nhttps://on.cypress.io/element-cannot-be-interacted-with\n    at ensureIsDescendent (https://www.google.com/__cypress/runner/cypress_runner.js:112445:68)\n    at ensureDescendents (https://www.google.com/__cypress/runner/cypress_runner.js:112496:5)\n    at ensureDescendentsAndScroll (https://www.google.com/__cypress/runner/cypress_runner.js:112502:14)\n    at ensureElIsNotCovered (https://www.google.com/__cypress/runner/cypress_runner.js:112633:5)\n    at runAllChecks (https://www.google.com/__cypress/runner/cypress_runner.js:112832:52)\n    at retryActionability (https://www.google.com/__cypress/runner/cypress_runner.js:112869:16)\n    at tryCatcher (https://www.google.com/__cypress/runner/cypress_runner.js:1807:23)\n    at Promise.attempt.Promise.try (https://www.google.com/__cypress/runner/cypress_runner.js:4315:29)\n    at whenStable (https://www.google.com/__cypress/runner/cypress_runner.js:143646:68)\n    at <unknown> (https://www.google.com/__cypress/runner/cypress_runner.js:143587:14)\n    at tryCatcher (https://www.google.com/__cypress/runner/cypress_runner.js:1807:23)\n    at Promise._settlePromiseFromHandler (https://www.google.com/__cypress/runner/cypress_runner.js:1519:31)\n    at Promise._settlePromise (https://www.google.com/__cypress/runner/cypress_runner.js:1576:18)\n    at Promise._settlePromise0 (https://www.google.com/__cypress/runner/cypress_runner.js:1621:10)\n    at Promise._settlePromises (https://www.google.com/__cypress/runner/cypress_runner.js:1701:18)\n    at Promise._fulfill (https://www.google.com/__cypress/runner/cypress_runner.js:1645:18)\n    at <unknown> (https://www.google.com/__cypress/runner/cypress_runner.js:5450:46)\nFrom Your Spec Code:\n    at Context.eval (webpack://cypress_project/./cypress/e2e/GoogleSearch.cy.js:14:21)",
            "diff": null
          },
          "uuid": "db6aa324-3c50-4541-95c1-0cda56b904e1",
          "parentUUID": "910773ae-f26d-4e06-ba2c-91f6db0da601",
          "isHook": false,
          "skipped": false
        }
      ],
      "suites": [],
      "passes": [],
      "failures": [
        "7883022e-26d1-42b1-a94a-3b5e643acc8a",
        "db6aa324-3c50-4541-95c1-0cda56b904e1"
      ],
      "pending": [],
      "skipped": [],
      "duration": 10046,
      "root": true,
      "rootEmpty": false,
      "_timeout": 2000
    }
  ],
  "meta": {
    "mocha": {
      "version": "7.0.1"
    },
    "mochawesome": {
      "options": {
        "quiet": false,
        "reportFilename": "mochawesome",
        "saveHtml": false,
        "saveJson": true,
        "consoleReporter": "spec",
        "useInlineDiffs": false,
        "code": true
      },
      "version": "7.1.3"
    },
    "marge": {
      "options": {
        "charts": true,
        "overwrite": false,
        "html": false,
        "json": true,
        "reportDir": "cypress/reports"
      },
      "version": "6.2.0"
    }
  }
}