{
  "stats": {
    "suites": 0,
    "tests": 2,
    "passes": 2,
    "pending": 0,
    "failures": 0,
    "start": "2024-07-10T20:18:11.465Z",
    "end": "2024-07-10T20:18:16.214Z",
    "duration": 4749,
    "testsRegistered": 2,
    "passPercent": 100,
    "pendingPercent": 0,
    "other": 0,
    "hasOther": false,
    "skipped": 0,
    "hasSkipped": false
  },
  "results": [
    {
      "uuid": "6cc7b4ad-5cc4-4139-b8c3-8c2b6c4f9f7f",
      "title": "",
      "fullFile": "cypress\\e2e\\GoogleSearch.cy.js",
      "file": "cypress\\e2e\\GoogleSearch.cy.js",
      "beforeHooks": [],
      "afterHooks": [],
      "tests": [
        {
          "title": "Google search 1st Test",
          "fullTitle": "Google search 1st Test",
          "timedOut": null,
          "duration": 1856,
          "state": "passed",
          "speed": "fast",
          "pass": true,
          "fail": false,
          "pending": false,
          "context": null,
          "code": "cy.log(\"Google 1st Test starts\");\ncy.visit(\"https://google.com\");\ncy.get('#W0wltc > .QS5gu').click();\ncy.get(\".gLFyf\").type(\"Google 1st Test ends\");\ncy.log(\"Google 1st Test ends\");",
          "err": {},
          "uuid": "abc4da70-c414-4f25-9fa0-c08176cc7133",
          "parentUUID": "6cc7b4ad-5cc4-4139-b8c3-8c2b6c4f9f7f",
          "isHook": false,
          "skipped": false
        },
        {
          "title": "Google search 2st Test",
          "fullTitle": "Google search 2st Test",
          "timedOut": null,
          "duration": 1060,
          "state": "passed",
          "speed": "fast",
          "pass": true,
          "fail": false,
          "pending": false,
          "context": null,
          "code": "cy.log(\"Google 2st Test starts\");\ncy.visit(\"https://google.com\");\ncy.get('#W0wltc > .QS5gu').click();\ncy.get(\".gLFyf\").type(\"Google 2st Test ends\");\ncy.log(\"Google 2st Test ends\");",
          "err": {},
          "uuid": "15de9e11-a323-4395-922f-52c69c92cfdf",
          "parentUUID": "6cc7b4ad-5cc4-4139-b8c3-8c2b6c4f9f7f",
          "isHook": false,
          "skipped": false
        }
      ],
      "suites": [],
      "passes": [
        "abc4da70-c414-4f25-9fa0-c08176cc7133",
        "15de9e11-a323-4395-922f-52c69c92cfdf"
      ],
      "failures": [],
      "pending": [],
      "skipped": [],
      "duration": 2916,
      "root": true,
      "rootEmpty": false,
      "_timeout": 2000
    }
  ],
  "meta": {
    "mocha": {
      "version": "7.0.1"
    },
    "mochawesome": {
      "options": {
        "quiet": false,
        "reportFilename": "mochawesome",
        "saveHtml": false,
        "saveJson": true,
        "consoleReporter": "spec",
        "useInlineDiffs": false,
        "code": true
      },
      "version": "7.1.3"
    },
    "marge": {
      "options": {
        "charts": true,
        "overwrite": false,
        "html": false,
        "json": true,
        "reportDir": "cypress/reports"
      },
      "version": "6.2.0"
    }
  }
}