{
  "stats": {
    "suites": 2,
    "tests": 6,
    "passes": 6,
    "pending": 0,
    "failures": 0,
    "start": "2024-07-10T20:11:42.601Z",
    "end": "2024-07-10T20:11:45.831Z",
    "duration": 3230,
    "testsRegistered": 6,
    "passPercent": 100,
    "pendingPercent": 0,
    "other": 0,
    "hasOther": false,
    "skipped": 0,
    "hasSkipped": false
  },
  "results": [
    {
      "uuid": "2c46481e-93d2-4230-9d82-a90c332d6ad6",
      "title": "",
      "fullFile": "cypress\\e2e\\1-getting-started\\todo.cy.js",
      "file": "cypress\\e2e\\1-getting-started\\todo.cy.js",
      "beforeHooks": [],
      "afterHooks": [],
      "tests": [],
      "suites": [
        {
          "uuid": "9b94081c-0704-47e4-8dcf-ca1cdf2540d9",
          "title": "example to-do app",
          "fullFile": "",
          "file": "",
          "beforeHooks": [],
          "afterHooks": [],
          "tests": [
            {
              "title": "displays two todo items by default",
              "fullTitle": "example to-do app displays two todo items by default",
              "timedOut": null,
              "duration": 538,
              "state": "passed",
              "speed": "fast",
              "pass": true,
              "fail": false,
              "pending": false,
              "context": null,
              "code": "// We use the `cy.get()` command to get all elements that match the selector.\n// Then, we use `should` to assert that there are two matched items,\n// which are the two default items.\ncy.get('.todo-list li').should('have.length', 2);\n// We can go even further and check that the default todos each contain\n// the correct text. We use the `first` and `last` functions\n// to get just the first and last matched elements individually,\n// and then perform an assertion with `should`.\ncy.get('.todo-list li').first().should('have.text', 'Pay electric bill');\ncy.get('.todo-list li').last().should('have.text', 'Walk the dog');",
              "err": {},
              "uuid": "57e300e4-8183-4f5f-825b-1bdd6b0fc9c4",
              "parentUUID": "9b94081c-0704-47e4-8dcf-ca1cdf2540d9",
              "isHook": false,
              "skipped": false
            },
            {
              "title": "can add new todo items",
              "fullTitle": "example to-do app can add new todo items",
              "timedOut": null,
              "duration": 430,
              "state": "passed",
              "speed": "fast",
              "pass": true,
              "fail": false,
              "pending": false,
              "context": null,
              "code": "// We'll store our item text in a variable so we can reuse it\nconst newItem = 'Feed the cat';\n// Let's get the input element and use the `type` command to\n// input our new list item. After typing the content of our item,\n// we need to type the enter key as well in order to submit the input.\n// This input has a data-test attribute so we'll use that to select the\n// element in accordance with best practices:\n// https://on.cypress.io/selecting-elements\ncy.get('[data-test=new-todo]').type(`${newItem}{enter}`);\n// Now that we've typed our new item, let's check that it actually was added to the list.\n// Since it's the newest item, it should exist as the last element in the list.\n// In addition, with the two default items, we should have a total of 3 elements in the list.\n// Since assertions yield the element that was asserted on,\n// we can chain both of these assertions together into a single statement.\ncy.get('.todo-list li').should('have.length', 3).last().should('have.text', newItem);",
              "err": {},
              "uuid": "89051cf4-80a4-4340-8158-e47230f3a3c7",
              "parentUUID": "9b94081c-0704-47e4-8dcf-ca1cdf2540d9",
              "isHook": false,
              "skipped": false
            },
            {
              "title": "can check off an item as completed",
              "fullTitle": "example to-do app can check off an item as completed",
              "timedOut": null,
              "duration": 178,
              "state": "passed",
              "speed": "fast",
              "pass": true,
              "fail": false,
              "pending": false,
              "context": null,
              "code": "// In addition to using the `get` command to get an element by selector,\n// we can also use the `contains` command to get an element by its contents.\n// However, this will yield the <label>, which is lowest-level element that contains the text.\n// In order to check the item, we'll find the <input> element for this <label>\n// by traversing up the dom to the parent element. From there, we can `find`\n// the child checkbox <input> element and use the `check` command to check it.\ncy.contains('Pay electric bill').parent().find('input[type=checkbox]').check();\n// Now that we've checked the button, we can go ahead and make sure\n// that the list element is now marked as completed.\n// Again we'll use `contains` to find the <label> element and then use the `parents` command\n// to traverse multiple levels up the dom until we find the corresponding <li> element.\n// Once we get that element, we can assert that it has the completed class.\ncy.contains('Pay electric bill').parents('li').should('have.class', 'completed');",
              "err": {},
              "uuid": "4e51aa29-fe2a-42f2-8030-050be6381b4a",
              "parentUUID": "9b94081c-0704-47e4-8dcf-ca1cdf2540d9",
              "isHook": false,
              "skipped": false
            }
          ],
          "suites": [
            {
              "uuid": "549216cb-e2a7-4a2f-a336-5a979439ae9d",
              "title": "with a checked task",
              "fullFile": "",
              "file": "",
              "beforeHooks": [],
              "afterHooks": [],
              "tests": [
                {
                  "title": "can filter for uncompleted tasks",
                  "fullTitle": "example to-do app with a checked task can filter for uncompleted tasks",
                  "timedOut": null,
                  "duration": 249,
                  "state": "passed",
                  "speed": "fast",
                  "pass": true,
                  "fail": false,
                  "pending": false,
                  "context": null,
                  "code": "// We'll click on the \"active\" button in order to\n// display only incomplete items\ncy.contains('Active').click();\n// After filtering, we can assert that there is only the one\n// incomplete item in the list.\ncy.get('.todo-list li').should('have.length', 1).first().should('have.text', 'Walk the dog');\n// For good measure, let's also assert that the task we checked off\n// does not exist on the page.\ncy.contains('Pay electric bill').should('not.exist');",
                  "err": {},
                  "uuid": "947168fa-99cc-4ef2-93b1-7dafb2d297f3",
                  "parentUUID": "549216cb-e2a7-4a2f-a336-5a979439ae9d",
                  "isHook": false,
                  "skipped": false
                },
                {
                  "title": "can filter for completed tasks",
                  "fullTitle": "example to-do app with a checked task can filter for completed tasks",
                  "timedOut": null,
                  "duration": 255,
                  "state": "passed",
                  "speed": "fast",
                  "pass": true,
                  "fail": false,
                  "pending": false,
                  "context": null,
                  "code": "// We can perform similar steps as the test above to ensure\n// that only completed tasks are shown\ncy.contains('Completed').click();\ncy.get('.todo-list li').should('have.length', 1).first().should('have.text', 'Pay electric bill');\ncy.contains('Walk the dog').should('not.exist');",
                  "err": {},
                  "uuid": "fd2a905c-5bd4-46ca-b1e4-b92ffb23c2c6",
                  "parentUUID": "549216cb-e2a7-4a2f-a336-5a979439ae9d",
                  "isHook": false,
                  "skipped": false
                },
                {
                  "title": "can delete all completed tasks",
                  "fullTitle": "example to-do app with a checked task can delete all completed tasks",
                  "timedOut": null,
                  "duration": 253,
                  "state": "passed",
                  "speed": "fast",
                  "pass": true,
                  "fail": false,
                  "pending": false,
                  "context": null,
                  "code": "// First, let's click the \"Clear completed\" button\n// `contains` is actually serving two purposes here.\n// First, it's ensuring that the button exists within the dom.\n// This button only appears when at least one task is checked\n// so this command is implicitly verifying that it does exist.\n// Second, it selects the button so we can click it.\ncy.contains('Clear completed').click();\n// Then we can make sure that there is only one element\n// in the list and our element does not exist\ncy.get('.todo-list li').should('have.length', 1).should('not.have.text', 'Pay electric bill');\n// Finally, make sure that the clear button no longer exists.\ncy.contains('Clear completed').should('not.exist');",
                  "err": {},
                  "uuid": "8ff48967-de79-4548-8d81-1cc1c38619dd",
                  "parentUUID": "549216cb-e2a7-4a2f-a336-5a979439ae9d",
                  "isHook": false,
                  "skipped": false
                }
              ],
              "suites": [],
              "passes": [
                "947168fa-99cc-4ef2-93b1-7dafb2d297f3",
                "fd2a905c-5bd4-46ca-b1e4-b92ffb23c2c6",
                "8ff48967-de79-4548-8d81-1cc1c38619dd"
              ],
              "failures": [],
              "pending": [],
              "skipped": [],
              "duration": 757,
              "root": false,
              "rootEmpty": false,
              "_timeout": 2000
            }
          ],
          "passes": [
            "57e300e4-8183-4f5f-825b-1bdd6b0fc9c4",
            "89051cf4-80a4-4340-8158-e47230f3a3c7",
            "4e51aa29-fe2a-42f2-8030-050be6381b4a"
          ],
          "failures": [],
          "pending": [],
          "skipped": [],
          "duration": 1146,
          "root": false,
          "rootEmpty": false,
          "_timeout": 2000
        }
      ],
      "passes": [],
      "failures": [],
      "pending": [],
      "skipped": [],
      "duration": 0,
      "root": true,
      "rootEmpty": true,
      "_timeout": 2000
    }
  ],
  "meta": {
    "mocha": {
      "version": "7.0.1"
    },
    "mochawesome": {
      "options": {
        "quiet": false,
        "reportFilename": "mochawesome",
        "saveHtml": false,
        "saveJson": true,
        "consoleReporter": "spec",
        "useInlineDiffs": false,
        "code": true
      },
      "version": "7.1.3"
    },
    "marge": {
      "options": {
        "charts": true,
        "overwrite": false,
        "html": false,
        "json": true,
        "reportDir": "cypress/reports"
      },
      "version": "6.2.0"
    }
  }
}