{
  "stats": {
    "suites": 0,
    "tests": 1,
    "passes": 1,
    "pending": 0,
    "failures": 0,
    "start": "2024-07-10T20:18:31.845Z",
    "end": "2024-07-10T20:18:35.482Z",
    "duration": 3637,
    "testsRegistered": 1,
    "passPercent": 100,
    "pendingPercent": 0,
    "other": 0,
    "hasOther": false,
    "skipped": 0,
    "hasSkipped": false
  },
  "results": [
    {
      "uuid": "99711db9-94b7-42a2-8c67-09dc5a77ab0d",
      "title": "",
      "fullFile": "cypress\\e2e\\pomTest.cy.js",
      "file": "cypress\\e2e\\pomTest.cy.js",
      "beforeHooks": [],
      "afterHooks": [],
      "tests": [
        {
          "title": "login test using POM",
          "fullTitle": "login test using POM",
          "timedOut": null,
          "duration": 2365,
          "state": "passed",
          "speed": "fast",
          "pass": true,
          "fail": false,
          "pending": false,
          "context": null,
          "code": "loginPage.navigate(\"https://opensource-demo.orangehrmlive.com/\");\nloginPage.enterUserName(\"Admin\");\nloginPage.enterPassword(\"admin123\");\nloginPage.clickLogin();",
          "err": {},
          "uuid": "776f1748-b41b-4bf2-b2c1-e7bfd3902595",
          "parentUUID": "99711db9-94b7-42a2-8c67-09dc5a77ab0d",
          "isHook": false,
          "skipped": false
        }
      ],
      "suites": [],
      "passes": [
        "776f1748-b41b-4bf2-b2c1-e7bfd3902595"
      ],
      "failures": [],
      "pending": [],
      "skipped": [],
      "duration": 2365,
      "root": true,
      "rootEmpty": false,
      "_timeout": 2000
    }
  ],
  "meta": {
    "mocha": {
      "version": "7.0.1"
    },
    "mochawesome": {
      "options": {
        "quiet": false,
        "reportFilename": "mochawesome",
        "saveHtml": false,
        "saveJson": true,
        "consoleReporter": "spec",
        "useInlineDiffs": false,
        "code": true
      },
      "version": "7.1.3"
    },
    "marge": {
      "options": {
        "charts": true,
        "overwrite": false,
        "html": false,
        "json": true,
        "reportDir": "cypress/reports"
      },
      "version": "6.2.0"
    }
  }
}