{
  "stats": {
    "suites": 0,
    "tests": 1,
    "passes": 1,
    "pending": 0,
    "failures": 0,
    "start": "2024-07-10T20:11:22.604Z",
    "end": "2024-07-10T20:11:30.103Z",
    "duration": 7499,
    "testsRegistered": 1,
    "passPercent": 100,
    "pendingPercent": 0,
    "other": 0,
    "hasOther": false,
    "skipped": 0,
    "hasSkipped": false
  },
  "results": [
    {
      "uuid": "1a0ec739-a84b-42f9-81fc-2def430fb8aa",
      "title": "",
      "fullFile": "cypress\\e2e\\my_first_test.cy.js",
      "file": "cypress\\e2e\\my_first_test.cy.js",
      "beforeHooks": [],
      "afterHooks": [],
      "tests": [
        {
          "title": "login test",
          "fullTitle": "login test",
          "timedOut": null,
          "duration": 5724,
          "state": "passed",
          "speed": "medium",
          "pass": true,
          "fail": false,
          "pending": false,
          "context": null,
          "code": "cy.visit(\"https://opensource-demo.orangehrmlive.com/web/index.php/auth/login\");\ncy.get(':nth-child(2) > .oxd-input-group > :nth-child(2) > .oxd-input').type(\"Admin\");\ncy.get(':nth-child(3) > .oxd-input-group > :nth-child(2) > .oxd-input').type(\"admin123\");\ncy.get('.oxd-button').click();\ncy.get(':nth-child(1) > .oxd-main-menu-item').click();\ncy.get('.--visited > .oxd-topbar-body-nav-tab-item > .oxd-icon').click();\ncy.get('.oxd-topbar-body-nav-tab-link').click();\ncy.get('.orangehrm-header-container > .oxd-button').click();\ncy.get('.oxd-button--ghost').click();",
          "err": {},
          "uuid": "185e5872-fcb4-4b16-9784-5aa61d0c558a",
          "parentUUID": "1a0ec739-a84b-42f9-81fc-2def430fb8aa",
          "isHook": false,
          "skipped": false
        }
      ],
      "suites": [],
      "passes": [
        "185e5872-fcb4-4b16-9784-5aa61d0c558a"
      ],
      "failures": [],
      "pending": [],
      "skipped": [],
      "duration": 5724,
      "root": true,
      "rootEmpty": false,
      "_timeout": 2000
    }
  ],
  "meta": {
    "mocha": {
      "version": "7.0.1"
    },
    "mochawesome": {
      "options": {
        "quiet": false,
        "reportFilename": "mochawesome",
        "saveHtml": false,
        "saveJson": true,
        "consoleReporter": "spec",
        "useInlineDiffs": false,
        "code": true
      },
      "version": "7.1.3"
    },
    "marge": {
      "options": {
        "charts": true,
        "overwrite": false,
        "html": false,
        "json": true,
        "reportDir": "cypress/reports"
      },
      "version": "6.2.0"
    }
  }
}